#
# There is insufficient memory for the Java Runtime Environment to continue.
# Native memory allocation (malloc) failed to allocate 1792 bytes for AllocateHeap
# Possible reasons:
#   The system is out of physical RAM or swap space
#   In 32 bit mode, the process size limit was hit
# Possible solutions:
#   Reduce memory load on the system
#   Increase physical memory or swap space
#   Check if swap backing store is full
#   Use 64 bit Java on a 64 bit OS
#   Decrease Java heap size (-Xmx/-Xms)
#   Decrease number of Java threads
#   Decrease Java thread stack sizes (-Xss)
#   Set larger code cache with -XX:ReservedCodeCacheSize=
# This output file may be truncated or incomplete.
#
#  Out of Memory Error (memory/allocation.inline.hpp:61), pid=7128, tid=0x0000000000001cac
#
# JRE version: Java(TM) SE Runtime Environment (8.0_181-b13) (build 1.8.0_181-b13)
# Java VM: Java HotSpot(TM) 64-Bit Server VM (25.181-b13 mixed mode windows-amd64 compressed oops)
# Failed to write core dump. Minidumps are not enabled by default on client versions of Windows
#

---------------  T H R E A D  ---------------

Current thread (0x0000000002e74000):  GCTaskThread [stack: 0x0000000012dc0000,0x0000000012ec0000] [id=7340]

Stack: [0x0000000012dc0000,0x0000000012ec0000]
[error occurred during error reporting (printing stack bounds), id 0xc0000005]

Native frames: (J=compiled Java code, j=interpreted, Vv=VM code, C=native code)

JavaThread 0x0000000002e5b000 (nid = 17536) was being processed
Java frames: (J=compiled Java code, j=interpreted, Vv=VM code)
j  java.lang.Byte.valueOf(B)Ljava/lang/Byte;+0
j  sun.invoke.util.Wrapper.<clinit>()V+62
v  ~StubRoutines::call_stub
j  java.lang.invoke.MethodHandles.<clinit>()V+37
v  ~StubRoutines::call_stub
j  java.lang.invoke.MethodHandles$Lookup.<clinit>()V+16
v  ~StubRoutines::call_stub
j  java.lang.invoke.MethodHandleNatives.linkMethodHandleConstant(Ljava/lang/Class;ILjava/lang/Class;Ljava/lang/String;Ljava/lang/Object;)Ljava/lang/invoke/MethodHandle;+0
v  ~StubRoutines::call_stub
j  sun.rmi.transport.DGCImpl.<clinit>()V+109
v  ~StubRoutines::call_stub
j  sun.rmi.transport.WeakRef.pin()V+15
j  sun.rmi.transport.Target.pinImpl()V+4
j  sun.rmi.transport.Target.<init>(Ljava/rmi/Remote;Lsun/rmi/server/Dispatcher;Ljava/rmi/Remote;Ljava/rmi/server/ObjID;Z)V+134
j  sun.rmi.server.UnicastServerRef.exportObject(Ljava/rmi/Remote;Ljava/lang/Object;Z)Ljava/rmi/Remote;+67
j  sun.management.jmxremote.ConnectorBootstrap$PermanentExporter.exportObject(Ljava/rmi/Remote;ILjava/rmi/server/RMIClientSocketFactory;Ljava/rmi/server/RMIServerSocketFactory;)Ljava/rmi/Remote;+71
j  javax.management.remote.rmi.RMIJRMPServerImpl.export(Ljava/rmi/Remote;)V+127
j  javax.management.remote.rmi.RMIJRMPServerImpl.export()V+12
j  javax.management.remote.rmi.RMIConnectorServer.start()V+270
j  sun.management.jmxremote.ConnectorBootstrap.exportMBeanServer(Ljavax/management/MBeanServer;IIZZLjava/lang/String;[Ljava/lang/String;[Ljava/lang/String;ZZLjava/lang/String;Ljava/lang/String;Ljava/lang/String;Ljava/lang/String;)Lsun/management/jmxremote/ConnectorBootstrap$JMXConnectorServerData;+304
j  sun.management.jmxremote.ConnectorBootstrap.startRemoteConnectorServer(Ljava/lang/String;Ljava/util/Properties;)Ljavax/management/remote/JMXConnectorServer;+820
j  sun.management.Agent.startAgent(Ljava/util/Properties;)V+66
j  sun.management.Agent.startAgent()V+19
v  ~StubRoutines::call_stub

---------------  P R O C E S S  ---------------

Java Threads: ( => current thread )
  0x0000000019b97000 JavaThread "Service Thread" daemon [_thread_blocked, id=19440, stack(0x000000001a360000,0x000000001a460000)]
  0x0000000019b3e800 JavaThread "C1 CompilerThread2" daemon [_thread_blocked, id=25652, stack(0x000000001a260000,0x000000001a360000)]
  0x0000000019b3d800 JavaThread "C2 CompilerThread1" daemon [_thread_blocked, id=2764, stack(0x000000001a160000,0x000000001a260000)]
  0x0000000019b26800 JavaThread "C2 CompilerThread0" daemon [_thread_blocked, id=9296, stack(0x000000001a060000,0x000000001a160000)]
  0x0000000017c55800 JavaThread "JDWP Command Reader" daemon [_thread_in_native, id=23172, stack(0x0000000019760000,0x0000000019860000)]
  0x0000000017c50000 JavaThread "JDWP Event Helper Thread" daemon [_thread_blocked, id=11404, stack(0x0000000019660000,0x0000000019760000)]
  0x0000000017c4e000 JavaThread "JDWP Transport Listener: dt_socket" daemon [_thread_blocked, id=25508, stack(0x0000000019560000,0x0000000019660000)]
  0x0000000017c11000 JavaThread "Attach Listener" daemon [_thread_blocked, id=13804, stack(0x0000000019460000,0x0000000019560000)]
  0x0000000017c27800 JavaThread "Signal Dispatcher" daemon [_thread_blocked, id=236, stack(0x0000000019360000,0x0000000019460000)]
  0x0000000017bff800 JavaThread "Finalizer" daemon [_thread_blocked, id=12360, stack(0x0000000018e60000,0x0000000018f60000)]
  0x0000000017bd8800 JavaThread "Reference Handler" daemon [_thread_blocked, id=25360, stack(0x0000000018d60000,0x0000000018e60000)]
  0x0000000002e5b000 JavaThread "main" [_thread_blocked, id=17536, stack(0x0000000002d50000,0x0000000002e50000)]

Other Threads:
  0x0000000017bd6800 VMThread [stack: 0x0000000018c60000,0x0000000018d60000] [id=20428]

=>0x0000000002e74000 (exited) GCTaskThread [stack: 0x0000000012dc0000,0x0000000012ec0000] [id=7340]

VM state:at safepoint (normal execution)

VM Mutex/Monitor currently owned by a thread:  ([mutex/lock_event])
[0x0000000002c4eca0] OopMapCacheAlloc_lock - owner thread: 0x0000000002e74000
[0x0000000002e50cd0] Threads_lock - owner thread: 0x0000000017bd6800
[0x0000000002e59870] Heap_lock - owner thread: 0x0000000002e5b000

Heap:
 PSYoungGen      total 38400K, used 11301K [0x00000000d5900000, 0x00000000d8380000, 0x0000000100000000)
  eden space 33280K, 33% used [0x00000000d5900000,0x00000000d6409750,0x00000000d7980000)
  from space 5120K, 0% used [0x00000000d7e80000,0x00000000d7e80000,0x00000000d8380000)
  to   space 5120K, 17% used [0x00000000d7980000,0x00000000d7a5caf0,0x00000000d7e80000)
 ParOldGen       total 87552K, used 0K [0x0000000080a00000, 0x0000000085f80000, 0x00000000d5900000)
  object space 87552K, 0% used [0x0000000080a00000,0x0000000080a00000,0x0000000085f80000)
 Metaspace       used 6274K, capacity 6350K, committed 6400K, reserved 1062912K
  class space    used 732K, capacity 750K, committed 768K, reserved 1048576K

Card table byte_map: [0x0000000012410000,0x0000000012810000] byte_map_base: 0x000000001200b000

Marking Bits: (ParMarkBitMap*) 0x0000000070b52d00
 Begin Bits: [0x0000000012ec0000, 0x0000000014e98000)
 End Bits:   [0x0000000014e98000, 0x0000000016e70000)

Polling page: 0x0000000000e80000

CodeCache: size=245760Kb used=1585Kb max_used=1585Kb free=244175Kb
 bounds [0x0000000003050000, 0x00000000032c0000, 0x0000000012050000]
 total_blobs=628 nmethods=317 adapters=232
 compilation: enabled

Compilation events (10 events):
Event: 0.907 Thread 0x0000000019b3e800  314       1       sun.misc.ProxyGenerator$ConstantPool::getIndirect (67 bytes)
Event: 0.907 Thread 0x0000000019b3e800 nmethod 314 0x00000000031d8a50 code [0x00000000031d8c00, 0x00000000031d8f38]
Event: 0.907 Thread 0x0000000019b3e800  316       1       sun.misc.ProxyGenerator$ConstantPool$IndirectEntry::equals (49 bytes)
Event: 0.907 Thread 0x0000000019b3e800 nmethod 316 0x00000000031d9150 code [0x00000000031d92a0, 0x00000000031d9470]
Event: 0.907 Thread 0x0000000019b3e800  317       1       java.io.DataOutputStream::writeUTF (435 bytes)
Event: 0.908 Thread 0x0000000019b3e800 nmethod 317 0x00000000031d9710 code [0x00000000031d9980, 0x00000000031da7e8]
Event: 0.908 Thread 0x0000000019b3e800  313       1       sun.misc.ProxyGenerator$ConstantPool::addEntry (46 bytes)
Event: 0.908 Thread 0x0000000019b3e800 nmethod 313 0x00000000031db550 code [0x00000000031db6e0, 0x00000000031db958]
Event: 0.908 Thread 0x0000000019b3e800  315       1       java.util.Arrays::copyOf (13 bytes)
Event: 0.908 Thread 0x0000000019b3e800 nmethod 315 0x00000000031dba90 code [0x00000000031dbbe0, 0x00000000031dbd08]

GC Heap History (1 events):
Event: 0.911 GC heap before
{Heap before GC invocations=1 (full 0):
 PSYoungGen      total 38400K, used 11301K [0x00000000d5900000, 0x00000000d8380000, 0x0000000100000000)
  eden space 33280K, 33% used [0x00000000d5900000,0x00000000d6409750,0x00000000d7980000)
  from space 5120K, 0% used [0x00000000d7e80000,0x00000000d7e80000,0x00000000d8380000)
  to   space 5120K, 0% used [0x00000000d7980000,0x00000000d7980000,0x00000000d7e80000)
 ParOldGen       total 87552K, used 0K [0x0000000080a00000, 0x0000000085f80000, 0x00000000d5900000)
  object space 87552K, 0% used [0x0000000080a00000,0x0000000080a00000,0x0000000085f80000)
 Metaspace       used 6274K, capacity 6350K, committed 6400K, reserved 1062912K
  class space    used 732K, capacity 750K, committed 768K, reserved 1048576K

Deoptimization events (0 events):
No events

Classes redefined (0 events):
No events

Internal exceptions (10 events):
Event: 0.645 Thread 0x0000000002e5b000 Exception <a 'java/lang/ArrayIndexOutOfBoundsException'> (0x00000000d613e6b8) thrown at [C:\re\workspace\8-2-build-windows-amd64-cygwin\jdk8u181\11358\hotspot\src\share\vm\runtime\sharedRuntime.cpp, line 605]
Event: 0.646 Thread 0x0000000002e5b000 Exception <a 'java/lang/ArrayIndexOutOfBoundsException'> (0x00000000d613fd58) thrown at [C:\re\workspace\8-2-build-windows-amd64-cygwin\jdk8u181\11358\hotspot\src\share\vm\runtime\sharedRuntime.cpp, line 605]
Event: 0.646 Thread 0x0000000002e5b000 Exception <a 'java/lang/ArrayIndexOutOfBoundsException'> (0x00000000d6142650) thrown at [C:\re\workspace\8-2-build-windows-amd64-cygwin\jdk8u181\11358\hotspot\src\share\vm\runtime\sharedRuntime.cpp, line 605]
Event: 0.654 Thread 0x0000000002e5b000 Exception <a 'java/lang/ArrayIndexOutOfBoundsException'> (0x00000000d616f8b0) thrown at [C:\re\workspace\8-2-build-windows-amd64-cygwin\jdk8u181\11358\hotspot\src\share\vm\runtime\sharedRuntime.cpp, line 605]
Event: 0.680 Thread 0x0000000002e5b000 Exception <a 'java/lang/ArrayIndexOutOfBoundsException'> (0x00000000d619dd38) thrown at [C:\re\workspace\8-2-build-windows-amd64-cygwin\jdk8u181\11358\hotspot\src\share\vm\runtime\sharedRuntime.cpp, line 605]
Event: 0.718 Thread 0x0000000002e5b000 Exception <a 'java/security/PrivilegedActionException'> (0x00000000d61fb570) thrown at [C:\re\workspace\8-2-build-windows-amd64-cygwin\jdk8u181\11358\hotspot\src\share\vm\prims\jvm.cpp, line 1435]
Event: 0.719 Thread 0x0000000002e5b000 Exception <a 'java/security/PrivilegedActionException'> (0x00000000d61fb780) thrown at [C:\re\workspace\8-2-build-windows-amd64-cygwin\jdk8u181\11358\hotspot\src\share\vm\prims\jvm.cpp, line 1435]
Event: 0.723 Thread 0x0000000002e5b000 Exception <a 'java/security/PrivilegedActionException'> (0x00000000d61ff690) thrown at [C:\re\workspace\8-2-build-windows-amd64-cygwin\jdk8u181\11358\hotspot\src\share\vm\prims\jvm.cpp, line 1435]
Event: 0.723 Thread 0x0000000002e5b000 Exception <a 'java/security/PrivilegedActionException'> (0x00000000d61ff8a0) thrown at [C:\re\workspace\8-2-build-windows-amd64-cygwin\jdk8u181\11358\hotspot\src\share\vm\prims\jvm.cpp, line 1435]
Event: 0.905 Thread 0x0000000002e5b000 Exception <a 'java/lang/ClassNotFoundException': javax/management/remote/rmi/RMIJRMPServerImpl$ExportedWrapper_Stub> (0x00000000d6336d38) thrown at [C:\re\workspace\8-2-build-windows-amd64-cygwin\jdk8u181\11358\hotspot\src\share\vm\classfile\systemDiction

Events (10 events):
Event: 0.910 loading class java/lang/invoke/MethodType$ConcurrentWeakInternSet$WeakEntry
Event: 0.910 loading class java/lang/invoke/MethodType$ConcurrentWeakInternSet$WeakEntry done
Event: 0.910 loading class java/lang/invoke/MethodHandles
Event: 0.910 loading class java/lang/invoke/MethodHandles done
Event: 0.910 loading class sun/invoke/util/Wrapper
Event: 0.910 loading class sun/invoke/util/Wrapper done
Event: 0.911 loading class sun/invoke/util/Wrapper$Format
Event: 0.911 loading class sun/invoke/util/Wrapper$Format done
Event: 0.911 loading class java/lang/Byte$ByteCache
Event: 0.911 Executing VM operation: CollectForMetadataAllocation


Dynamic libraries:
0x00007ff67ca80000 - 0x00007ff67cab7000 	C:\Program Files\Java\jdk1.8.0_181\bin\java.exe
0x00007ffe51f20000 - 0x00007ffe52101000 	C:\WINDOWS\SYSTEM32\ntdll.dll
0x00007ffe4f3b0000 - 0x00007ffe4f462000 	C:\WINDOWS\System32\KERNEL32.DLL
0x00007ffe4e360000 - 0x00007ffe4e5d3000 	C:\WINDOWS\System32\KERNELBASE.dll
0x00007ffe51bb0000 - 0x00007ffe51c51000 	C:\WINDOWS\System32\ADVAPI32.dll
0x00007ffe4fc20000 - 0x00007ffe4fcbe000 	C:\WINDOWS\System32\msvcrt.dll
0x00007ffe4f850000 - 0x00007ffe4f8ab000 	C:\WINDOWS\System32\sechost.dll
0x00007ffe4faf0000 - 0x00007ffe4fc14000 	C:\WINDOWS\System32\RPCRT4.dll
0x00007ffe518b0000 - 0x00007ffe51a40000 	C:\WINDOWS\System32\USER32.dll
0x00007ffe4e2f0000 - 0x00007ffe4e310000 	C:\WINDOWS\System32\win32u.dll
0x00007ffe4fe40000 - 0x00007ffe4fe68000 	C:\WINDOWS\System32\GDI32.dll
0x00007ffe4e6e0000 - 0x00007ffe4e872000 	C:\WINDOWS\System32\gdi32full.dll
0x00007ffe4eff0000 - 0x00007ffe4f08f000 	C:\WINDOWS\System32\msvcp_win.dll
0x00007ffe4e5e0000 - 0x00007ffe4e6da000 	C:\WINDOWS\System32\ucrtbase.dll
0x00007ffe46c30000 - 0x00007ffe46e99000 	C:\WINDOWS\WinSxS\amd64_microsoft.windows.common-controls_6595b64144ccf1df_6.0.17134.254_none_fb41980530664d2b\COMCTL32.dll
0x00007ffe4f470000 - 0x00007ffe4f793000 	C:\WINDOWS\System32\combase.dll
0x00007ffe4f330000 - 0x00007ffe4f3aa000 	C:\WINDOWS\System32\bcryptPrimitives.dll
0x00007ffe4fe10000 - 0x00007ffe4fe3d000 	C:\WINDOWS\System32\IMM32.DLL
0x0000000070be0000 - 0x0000000070cb2000 	C:\Program Files\Java\jdk1.8.0_181\jre\bin\msvcr100.dll
0x0000000070330000 - 0x0000000070bd2000 	C:\Program Files\Java\jdk1.8.0_181\jre\bin\server\jvm.dll
0x00007ffe4fe90000 - 0x00007ffe4fe98000 	C:\WINDOWS\System32\PSAPI.DLL
0x00007ffe4abb0000 - 0x00007ffe4abb9000 	C:\WINDOWS\SYSTEM32\WSOCK32.dll
0x00007ffe4fcd0000 - 0x00007ffe4fd3c000 	C:\WINDOWS\System32\WS2_32.dll
0x00007ffe4c520000 - 0x00007ffe4c543000 	C:\WINDOWS\SYSTEM32\WINMM.dll
0x00007ffe4c380000 - 0x00007ffe4c3aa000 	C:\WINDOWS\SYSTEM32\WINMMBASE.dll
0x00007ffe4e310000 - 0x00007ffe4e359000 	C:\WINDOWS\System32\cfgmgr32.dll
0x00007ffe48940000 - 0x00007ffe4894a000 	C:\WINDOWS\SYSTEM32\VERSION.dll
0x0000000070320000 - 0x000000007032f000 	C:\Program Files\Java\jdk1.8.0_181\jre\bin\verify.dll
0x00000000702f0000 - 0x0000000070319000 	C:\Program Files\Java\jdk1.8.0_181\jre\bin\java.dll
0x0000000070290000 - 0x00000000702c5000 	C:\Program Files\Java\jdk1.8.0_181\jre\bin\jdwp.dll
0x0000000070280000 - 0x0000000070288000 	C:\Program Files\Java\jdk1.8.0_181\jre\bin\npt.dll
0x0000000070250000 - 0x0000000070273000 	C:\Program Files\Java\jdk1.8.0_181\jre\bin\instrument.dll
0x00000000702d0000 - 0x00000000702e6000 	C:\Program Files\Java\jdk1.8.0_181\jre\bin\zip.dll
0x00007ffe50020000 - 0x00007ffe51460000 	C:\WINDOWS\System32\SHELL32.dll
0x00007ffe4f7a0000 - 0x00007ffe4f849000 	C:\WINDOWS\System32\shcore.dll
0x00007ffe4e880000 - 0x00007ffe4ef8d000 	C:\WINDOWS\System32\windows.storage.dll
0x00007ffe4f8b0000 - 0x00007ffe4f901000 	C:\WINDOWS\System32\shlwapi.dll
0x00007ffe4e2d0000 - 0x00007ffe4e2e1000 	C:\WINDOWS\System32\kernel.appcore.dll
0x00007ffe4e290000 - 0x00007ffe4e2af000 	C:\WINDOWS\System32\profapi.dll
0x00007ffe4e230000 - 0x00007ffe4e27c000 	C:\WINDOWS\System32\powrprof.dll
0x00007ffe4e280000 - 0x00007ffe4e28a000 	C:\WINDOWS\System32\FLTLIB.DLL
0x0000000070240000 - 0x0000000070249000 	C:\Program Files\Java\jdk1.8.0_181\jre\bin\dt_socket.dll
0x00007ffe4da30000 - 0x00007ffe4da96000 	C:\WINDOWS\system32\mswsock.dll
0x0000000070230000 - 0x000000007023d000 	C:\Program Files\Java\jdk1.8.0_181\jre\bin\management.dll
0x0000000070210000 - 0x000000007022a000 	C:\Program Files\Java\jdk1.8.0_181\jre\bin\net.dll
0x00000000701f0000 - 0x0000000070201000 	C:\Program Files\Java\jdk1.8.0_181\jre\bin\nio.dll
0x00007ffe47100000 - 0x00007ffe47116000 	C:\WINDOWS\system32\napinsp.dll
0x00007ffe46650000 - 0x00007ffe4666a000 	C:\WINDOWS\system32\pnrpnsp.dll
0x00007ffe4ab80000 - 0x00007ffe4ab99000 	C:\WINDOWS\system32\NLAapi.dll
0x00007ffe4d7f0000 - 0x00007ffe4d8ae000 	C:\WINDOWS\SYSTEM32\DNSAPI.dll
0x00007ffe4fcc0000 - 0x00007ffe4fcc8000 	C:\WINDOWS\System32\NSI.dll
0x00007ffe4d7b0000 - 0x00007ffe4d7e8000 	C:\WINDOWS\SYSTEM32\IPHLPAPI.DLL
0x00007ffe48d20000 - 0x00007ffe48d2e000 	C:\WINDOWS\System32\winrnr.dll
0x00007ffe457f0000 - 0x00007ffe457fa000 	C:\Windows\System32\rasadhlp.dll
0x00007ffe45b70000 - 0x00007ffe45be2000 	C:\WINDOWS\System32\fwpuclnt.dll
0x00007ffe4dd10000 - 0x00007ffe4dd35000 	C:\WINDOWS\SYSTEM32\bcrypt.dll
0x00007ffe4dbf0000 - 0x00007ffe4dc07000 	C:\WINDOWS\SYSTEM32\CRYPTSP.dll
0x00007ffe4d610000 - 0x00007ffe4d643000 	C:\WINDOWS\system32\rsaenh.dll
0x00007ffe4e160000 - 0x00007ffe4e188000 	C:\WINDOWS\SYSTEM32\USERENV.dll
0x00007ffe4dbe0000 - 0x00007ffe4dbeb000 	C:\WINDOWS\SYSTEM32\CRYPTBASE.dll
0x00007ffe47d20000 - 0x00007ffe47d36000 	C:\WINDOWS\SYSTEM32\dhcpcsvc6.DLL
0x00007ffe48100000 - 0x00007ffe4811a000 	C:\WINDOWS\SYSTEM32\dhcpcsvc.DLL

VM Arguments:
jvm_args: -agentlib:jdwp=transport=dt_socket,address=127.0.0.1:6424,suspend=y,server=n -XX:TieredStopAtLevel=1 -Xverify:none -Dspring.output.ansi.enabled=always -Dcom.sun.management.jmxremote -Dcom.sun.management.jmxremote.port=6423 -Dcom.sun.management.jmxremote.authenticate=false -Dcom.sun.management.jmxremote.ssl=false -Djava.rmi.server.hostname=localhost -Dspring.liveBeansView.mbeanDomain -Dspring.application.admin.enabled=true -javaagent:C:\Users\17737\.IntelliJIdea2018.2\system\captureAgent\debugger-agent.jar=file:/C:/Users/17737/AppData/Local/Temp/capture.props -Dfile.encoding=UTF-8 
java_command: com.uhope.template.Application
java_class_path (initial): C:\Program Files\Java\jdk1.8.0_181\jre\lib\charsets.jar;C:\Program Files\Java\jdk1.8.0_181\jre\lib\deploy.jar;C:\Program Files\Java\jdk1.8.0_181\jre\lib\ext\access-bridge-64.jar;C:\Program Files\Java\jdk1.8.0_181\jre\lib\ext\cldrdata.jar;C:\Program Files\Java\jdk1.8.0_181\jre\lib\ext\dnsns.jar;C:\Program Files\Java\jdk1.8.0_181\jre\lib\ext\jaccess.jar;C:\Program Files\Java\jdk1.8.0_181\jre\lib\ext\jfxrt.jar;C:\Program Files\Java\jdk1.8.0_181\jre\lib\ext\localedata.jar;C:\Program Files\Java\jdk1.8.0_181\jre\lib\ext\nashorn.jar;C:\Program Files\Java\jdk1.8.0_181\jre\lib\ext\sunec.jar;C:\Program Files\Java\jdk1.8.0_181\jre\lib\ext\sunjce_provider.jar;C:\Program Files\Java\jdk1.8.0_181\jre\lib\ext\sunmscapi.jar;C:\Program Files\Java\jdk1.8.0_181\jre\lib\ext\sunpkcs11.jar;C:\Program Files\Java\jdk1.8.0_181\jre\lib\ext\zipfs.jar;C:\Program Files\Java\jdk1.8.0_181\jre\lib\javaws.jar;C:\Program Files\Java\jdk1.8.0_181\jre\lib\jce.jar;C:\Program Files\Java\jdk1.8.0_181\jre\lib\jfr.jar;C:\Program Files\Java\jdk1.8.0_181\jre\lib\jfxswt.jar;C:\Program Files\Java\jdk1.8.0_181\jre\lib\jsse.jar;C:\Program Files\Java\jdk1.8.0_181\jre\lib\management-agent.jar;C:\Program Files\Java\jdk1.8.0_181\jre\lib\plugin.jar;C:\Program Files\Java\jdk1.8.0_181\jre\lib\resources.jar;C:\Program Files\Java\jdk1.8.0_181\jre\lib\rt.jar;C:\Users\17737\Desktop\นคื๗\code\rl-app-sewage\target\classes;D:\maven\local\org\springframework\boot\spring-boot-starter-web\1.5.9.RELEASE\spring-boot-starter-web-1.5.9.RELEASE.jar;D:\maven\local\org\springframework\boot\spring-boot-starter\1.5.9.RELEASE\spring-boot-starter-1.5.9.RELEASE.jar;D:\maven\local\org\springframework\boot\spring-boot\1.5.9.RELEASE\spring-boot-1.5.9.RELEASE.jar;D:\maven\local\org\springframework\boot\spring-boot-starter-logging\1.5.9.RELEASE\spring-boot-starter-logging-1.5.9.RELEASE.jar;D:\maven\local\ch\qos\logback\logback-classic\1.2.3\logback-classic-1.2.3.jar;D:\maven\local\ch\qos\logback\logback-core\1.1.11\log
Launcher Type: SUN_STANDARD

Environment Variables:
JAVA_HOME=C:\Program Files\Java\jdk1.8.0_181
CLASSPATH=.
PATH=C:\Program Files (x86)\Common Files\Oracle\Java\javapath;C:\WINDOWS\system32;C:\WINDOWS;C:\WINDOWS\System32\Wbem;C:\WINDOWS\System32\WindowsPowerShell\v1.0\;C:\Program Files\Java\jdk1.8.0_181\bin;D:\maven\apache-maven-3.5.4\bin;C:\Program Files\Git\cmd;C:\WINDOWS\System32\OpenSSH\;C:\Users\17737\AppData\Local\Microsoft\WindowsApps;;C:\Users\17737\AppData\Local\Programs\Microsoft VS Code\bin
USERNAME=17737
OS=Windows_NT
PROCESSOR_IDENTIFIER=Intel64 Family 6 Model 94 Stepping 3, GenuineIntel



---------------  S Y S T E M  ---------------

OS: Windows 10.0 , 64 bit Build 17134 (10.0.17134.1)

CPU:total 4 (initial active 4) (4 cores per cpu, 1 threads per core) family 6 model 94 stepping 3, cmov, cx8, fxsr, mmx, sse, sse2, sse3, ssse3, sse4.1, sse4.2, popcnt, avx, avx2, aes, clmul, erms, 3dnowpref, lzcnt, tsc, tscinvbit, bmi1, bmi2, adx

Memory: 4k page, physical 8339896k(1419728k free), swap 16101988k(4k free)

vm_info: Java HotSpot(TM) 64-Bit Server VM (25.181-b13) for windows-amd64 JRE (1.8.0_181-b13), built on Jul  7 2018 04:01:33 by "java_re" with MS VC++ 10.0 (VS2010)

time: Tue Oct 16 14:40:45 2018
elapsed time: 0 seconds (0d 0h 0m 0s)

